<?xml version="1.0" encoding="UTF-8"?>
<testsuite xmlns:xsi="http://www.w3.org/2001/XMLSchema-instance" xsi:noNamespaceSchemaLocation="https://maven.apache.org/surefire/maven-surefire-plugin/xsd/surefire-test-report.xsd" name="cn.everythinggrows.AppTest" time="0.058" tests="1" errors="0" skipped="0" failures="0">
  <properties>
    <property name="sun.desktop" value="windows"/>
    <property name="awt.toolkit" value="sun.awt.windows.WToolkit"/>
    <property name="file.encoding.pkg" value="sun.io"/>
    <property name="java.specification.version" value="1.8"/>
    <property name="sun.cpu.isalist" value="amd64"/>
    <property name="sun.jnu.encoding" value="GBK"/>
    <property name="java.class.path" value="I:\IdeaProjects\everythinggrwows\eg-base\target\test-classes;I:\IdeaProjects\everythinggrwows\eg-base\target\classes;I:\apps\applications\apache-maven-3.5.3\apache-maven-3.5.3\cn\everythinggrows\eg-user-api\1.0-SNAPSHOT\eg-user-api-1.0-SNAPSHOT.jar;I:\apps\applications\apache-maven-3.5.3\apache-maven-3.5.3\commons-collections\commons-collections\3.2.1\commons-collections-3.2.1.jar;I:\apps\applications\apache-maven-3.5.3\apache-maven-3.5.3\org\springframework\spring-webmvc\4.2.9.RELEASE\spring-webmvc-4.2.9.RELEASE.jar;I:\apps\applications\apache-maven-3.5.3\apache-maven-3.5.3\org\springframework\spring-context\4.2.9.RELEASE\spring-context-4.2.9.RELEASE.jar;I:\apps\applications\apache-maven-3.5.3\apache-maven-3.5.3\org\springframework\spring-core\4.2.9.RELEASE\spring-core-4.2.9.RELEASE.jar;I:\apps\applications\apache-maven-3.5.3\apache-maven-3.5.3\org\springframework\spring-expression\4.2.9.RELEASE\spring-expression-4.2.9.RELEASE.jar;I:\apps\applications\apache-maven-3.5.3\apache-maven-3.5.3\org\springframework\spring-web\4.2.9.RELEASE\spring-web-4.2.9.RELEASE.jar;I:\apps\applications\apache-maven-3.5.3\apache-maven-3.5.3\org\springframework\spring-tx\4.2.9.RELEASE\spring-tx-4.2.9.RELEASE.jar;I:\apps\applications\apache-maven-3.5.3\apache-maven-3.5.3\org\springframework\spring-jdbc\4.2.9.RELEASE\spring-jdbc-4.2.9.RELEASE.jar;I:\apps\applications\apache-maven-3.5.3\apache-maven-3.5.3\org\springframework\spring-aspects\4.2.9.RELEASE\spring-aspects-4.2.9.RELEASE.jar;I:\apps\applications\apache-maven-3.5.3\apache-maven-3.5.3\org\springframework\spring-aop\4.3.10.RELEASE\spring-aop-4.3.10.RELEASE.jar;I:\apps\applications\apache-maven-3.5.3\apache-maven-3.5.3\org\springframework\spring-context-support\3.2.6.RELEASE\spring-context-support-3.2.6.RELEASE.jar;I:\apps\applications\apache-maven-3.5.3\apache-maven-3.5.3\org\springframework\spring-beans\4.2.9.RELEASE\spring-beans-4.2.9.RELEASE.jar;I:\apps\applications\apache-maven-3.5.3\apache-maven-3.5.3\org\javassist\javassist\3.18.0-GA\javassist-3.18.0-GA.jar;I:\apps\applications\apache-maven-3.5.3\apache-maven-3.5.3\cglib\cglib-nodep\3.2.5\cglib-nodep-3.2.5.jar;I:\apps\applications\apache-maven-3.5.3\apache-maven-3.5.3\org\aspectj\aspectjrt\1.9.0\aspectjrt-1.9.0.jar;I:\apps\applications\apache-maven-3.5.3\apache-maven-3.5.3\org\aspectj\aspectjweaver\1.9.0\aspectjweaver-1.9.0.jar;I:\apps\applications\apache-maven-3.5.3\apache-maven-3.5.3\aopalliance\aopalliance\1.0\aopalliance-1.0.jar;I:\apps\applications\apache-maven-3.5.3\apache-maven-3.5.3\org\slf4j\slf4j-log4j12\1.7.25\slf4j-log4j12-1.7.25.jar;I:\apps\applications\apache-maven-3.5.3\apache-maven-3.5.3\org\slf4j\slf4j-api\1.7.25\slf4j-api-1.7.25.jar;I:\apps\applications\apache-maven-3.5.3\apache-maven-3.5.3\log4j\log4j\1.2.17\log4j-1.2.17.jar;I:\apps\applications\apache-maven-3.5.3\apache-maven-3.5.3\junit\junit\4.11\junit-4.11.jar;I:\apps\applications\apache-maven-3.5.3\apache-maven-3.5.3\org\hamcrest\hamcrest-core\1.3\hamcrest-core-1.3.jar;I:\apps\applications\apache-maven-3.5.3\apache-maven-3.5.3\com\google\guava\guava\23.0\guava-23.0.jar;I:\apps\applications\apache-maven-3.5.3\apache-maven-3.5.3\com\google\code\findbugs\jsr305\1.3.9\jsr305-1.3.9.jar;I:\apps\applications\apache-maven-3.5.3\apache-maven-3.5.3\com\google\errorprone\error_prone_annotations\2.0.18\error_prone_annotations-2.0.18.jar;I:\apps\applications\apache-maven-3.5.3\apache-maven-3.5.3\com\google\j2objc\j2objc-annotations\1.1\j2objc-annotations-1.1.jar;I:\apps\applications\apache-maven-3.5.3\apache-maven-3.5.3\org\codehaus\mojo\animal-sniffer-annotations\1.14\animal-sniffer-annotations-1.14.jar;I:\apps\applications\apache-maven-3.5.3\apache-maven-3.5.3\redis\clients\jedis\2.9.0\jedis-2.9.0.jar;I:\apps\applications\apache-maven-3.5.3\apache-maven-3.5.3\org\apache\commons\commons-pool2\2.4.2\commons-pool2-2.4.2.jar;I:\apps\applications\apache-maven-3.5.3\apache-maven-3.5.3\com\alibaba\fastjson\1.2.33\fastjson-1.2.33.jar;I:\apps\applications\apache-maven-3.5.3\apache-maven-3.5.3\javax\servlet\javax.servlet-api\3.0.1\javax.servlet-api-3.0.1.jar;I:\apps\applications\apache-maven-3.5.3\apache-maven-3.5.3\javax\ws\rs\javax.ws.rs-api\2.0.1\javax.ws.rs-api-2.0.1.jar;I:\apps\applications\apache-maven-3.5.3\apache-maven-3.5.3\com\alibaba\dubbo\2.6.4\dubbo-2.6.4.jar;I:\apps\applications\apache-maven-3.5.3\apache-maven-3.5.3\org\jboss\netty\netty\3.2.5.Final\netty-3.2.5.Final.jar;I:\apps\applications\apache-maven-3.5.3\apache-maven-3.5.3\com\alibaba\druid\1.0.12\druid-1.0.12.jar;C:\Program Files\Java\jdk1.8.0_161\jre\..\lib\jconsole.jar;C:\Program Files\Java\jdk1.8.0_161\jre\..\lib\tools.jar;I:\apps\applications\apache-maven-3.5.3\apache-maven-3.5.3\com\jolbox\bonecp\0.8.0.RELEASE\bonecp-0.8.0.RELEASE.jar;I:\apps\applications\apache-maven-3.5.3\apache-maven-3.5.3\org\apache\curator\curator-framework\2.12.0\curator-framework-2.12.0.jar;I:\apps\applications\apache-maven-3.5.3\apache-maven-3.5.3\org\apache\curator\curator-client\2.12.0\curator-client-2.12.0.jar;I:\apps\applications\apache-maven-3.5.3\apache-maven-3.5.3\com\101tec\zkclient\0.10\zkclient-0.10.jar;I:\apps\applications\apache-maven-3.5.3\apache-maven-3.5.3\org\apache\zookeeper\zookeeper\3.4.8\zookeeper-3.4.8.jar;I:\apps\applications\apache-maven-3.5.3\apache-maven-3.5.3\jline\jline\0.9.94\jline-0.9.94.jar;I:\apps\applications\apache-maven-3.5.3\apache-maven-3.5.3\io\netty\netty\3.7.0.Final\netty-3.7.0.Final.jar;I:\apps\applications\apache-maven-3.5.3\apache-maven-3.5.3\org\mybatis\mybatis\3.4.5\mybatis-3.4.5.jar;I:\apps\applications\apache-maven-3.5.3\apache-maven-3.5.3\org\mybatis\mybatis-spring\1.2.2\mybatis-spring-1.2.2.jar;I:\apps\applications\apache-maven-3.5.3\apache-maven-3.5.3\com\github\miemiedev\mybatis-paginator\1.2.15\mybatis-paginator-1.2.15.jar;I:\apps\applications\apache-maven-3.5.3\apache-maven-3.5.3\com\github\pagehelper\pagehelper\3.4.2\pagehelper-3.4.2.jar;I:\apps\applications\apache-maven-3.5.3\apache-maven-3.5.3\mysql\mysql-connector-java\5.1.32\mysql-connector-java-5.1.32.jar;I:\apps\applications\apache-maven-3.5.3\apache-maven-3.5.3\jstl\jstl\1.2\jstl-1.2.jar;I:\apps\applications\apache-maven-3.5.3\apache-maven-3.5.3\javax\servlet\servlet-api\2.5\servlet-api-2.5.jar;I:\apps\applications\apache-maven-3.5.3\apache-maven-3.5.3\javax\servlet\jsp-api\2.0\jsp-api-2.0.jar;I:\apps\applications\apache-maven-3.5.3\apache-maven-3.5.3\org\apache\httpcomponents\httpcore\4.4.10\httpcore-4.4.10.jar;I:\apps\applications\apache-maven-3.5.3\apache-maven-3.5.3\org\apache\httpcomponents\httpclient\4.5.6\httpclient-4.5.6.jar;I:\apps\applications\apache-maven-3.5.3\apache-maven-3.5.3\commons-logging\commons-logging\1.2\commons-logging-1.2.jar;I:\apps\applications\apache-maven-3.5.3\apache-maven-3.5.3\commons-codec\commons-codec\1.10\commons-codec-1.10.jar;I:\apps\applications\apache-maven-3.5.3\apache-maven-3.5.3\javax\mail\mail\1.4.7\mail-1.4.7.jar;I:\apps\applications\apache-maven-3.5.3\apache-maven-3.5.3\javax\activation\activation\1.1\activation-1.1.jar;I:\apps\applications\apache-maven-3.5.3\apache-maven-3.5.3\velocity\velocity\1.5\velocity-1.5.jar;I:\apps\applications\apache-maven-3.5.3\apache-maven-3.5.3\commons-lang\commons-lang\2.1\commons-lang-2.1.jar;I:\apps\applications\apache-maven-3.5.3\apache-maven-3.5.3\oro\oro\2.0.8\oro-2.0.8.jar;I:\apps\applications\apache-maven-3.5.3\apache-maven-3.5.3\org\apache\velocity\velocity-tools\2.0\velocity-tools-2.0.jar;I:\apps\applications\apache-maven-3.5.3\apache-maven-3.5.3\commons-beanutils\commons-beanutils\1.7.0\commons-beanutils-1.7.0.jar;I:\apps\applications\apache-maven-3.5.3\apache-maven-3.5.3\commons-digester\commons-digester\1.8\commons-digester-1.8.jar;I:\apps\applications\apache-maven-3.5.3\apache-maven-3.5.3\commons-chain\commons-chain\1.1\commons-chain-1.1.jar;I:\apps\applications\apache-maven-3.5.3\apache-maven-3.5.3\commons-validator\commons-validator\1.3.1\commons-validator-1.3.1.jar;I:\apps\applications\apache-maven-3.5.3\apache-maven-3.5.3\dom4j\dom4j\1.1\dom4j-1.1.jar;I:\apps\applications\apache-maven-3.5.3\apache-maven-3.5.3\sslext\sslext\1.2-0\sslext-1.2-0.jar;I:\apps\applications\apache-maven-3.5.3\apache-maven-3.5.3\org\apache\struts\struts-core\1.3.8\struts-core-1.3.8.jar;I:\apps\applications\apache-maven-3.5.3\apache-maven-3.5.3\antlr\antlr\2.7.2\antlr-2.7.2.jar;I:\apps\applications\apache-maven-3.5.3\apache-maven-3.5.3\org\apache\struts\struts-taglib\1.3.8\struts-taglib-1.3.8.jar;I:\apps\applications\apache-maven-3.5.3\apache-maven-3.5.3\org\apache\struts\struts-tiles\1.3.8\struts-tiles-1.3.8.jar;I:\apps\applications\apache-maven-3.5.3\apache-maven-3.5.3\org\apache\velocity\velocity\1.6.2\velocity-1.6.2.jar;I:\apps\applications\apache-maven-3.5.3\apache-maven-3.5.3\commons-io\commons-io\2.4\commons-io-2.4.jar;"/>
    <property name="java.vm.vendor" value="Oracle Corporation"/>
    <property name="sun.arch.data.model" value="64"/>
    <property name="user.variant" value=""/>
    <property name="java.vendor.url" value="http://java.oracle.com/"/>
    <property name="user.timezone" value="Asia/Shanghai"/>
    <property name="java.vm.specification.version" value="1.8"/>
    <property name="os.name" value="Windows 10"/>
    <property name="user.country" value="CN"/>
    <property name="sun.java.launcher" value="SUN_STANDARD"/>
    <property name="sun.boot.library.path" value="C:\Program Files\Java\jdk1.8.0_161\jre\bin"/>
    <property name="sun.java.command" value="C:\Users\MA\AppData\Local\Temp\surefire6220940510144374991\surefirebooter4757523165938022296.jar C:\Users\MA\AppData\Local\Temp\surefire6220940510144374991 2019-03-06T20-59-25_112-jvmRun1 surefire2879920245848538647tmp surefire_08637604276869335004tmp"/>
    <property name="surefire.test.class.path" value="I:\IdeaProjects\everythinggrwows\eg-base\target\test-classes;I:\IdeaProjects\everythinggrwows\eg-base\target\classes;I:\apps\applications\apache-maven-3.5.3\apache-maven-3.5.3\cn\everythinggrows\eg-user-api\1.0-SNAPSHOT\eg-user-api-1.0-SNAPSHOT.jar;I:\apps\applications\apache-maven-3.5.3\apache-maven-3.5.3\commons-collections\commons-collections\3.2.1\commons-collections-3.2.1.jar;I:\apps\applications\apache-maven-3.5.3\apache-maven-3.5.3\org\springframework\spring-webmvc\4.2.9.RELEASE\spring-webmvc-4.2.9.RELEASE.jar;I:\apps\applications\apache-maven-3.5.3\apache-maven-3.5.3\org\springframework\spring-context\4.2.9.RELEASE\spring-context-4.2.9.RELEASE.jar;I:\apps\applications\apache-maven-3.5.3\apache-maven-3.5.3\org\springframework\spring-core\4.2.9.RELEASE\spring-core-4.2.9.RELEASE.jar;I:\apps\applications\apache-maven-3.5.3\apache-maven-3.5.3\org\springframework\spring-expression\4.2.9.RELEASE\spring-expression-4.2.9.RELEASE.jar;I:\apps\applications\apache-maven-3.5.3\apache-maven-3.5.3\org\springframework\spring-web\4.2.9.RELEASE\spring-web-4.2.9.RELEASE.jar;I:\apps\applications\apache-maven-3.5.3\apache-maven-3.5.3\org\springframework\spring-tx\4.2.9.RELEASE\spring-tx-4.2.9.RELEASE.jar;I:\apps\applications\apache-maven-3.5.3\apache-maven-3.5.3\org\springframework\spring-jdbc\4.2.9.RELEASE\spring-jdbc-4.2.9.RELEASE.jar;I:\apps\applications\apache-maven-3.5.3\apache-maven-3.5.3\org\springframework\spring-aspects\4.2.9.RELEASE\spring-aspects-4.2.9.RELEASE.jar;I:\apps\applications\apache-maven-3.5.3\apache-maven-3.5.3\org\springframework\spring-aop\4.3.10.RELEASE\spring-aop-4.3.10.RELEASE.jar;I:\apps\applications\apache-maven-3.5.3\apache-maven-3.5.3\org\springframework\spring-context-support\3.2.6.RELEASE\spring-context-support-3.2.6.RELEASE.jar;I:\apps\applications\apache-maven-3.5.3\apache-maven-3.5.3\org\springframework\spring-beans\4.2.9.RELEASE\spring-beans-4.2.9.RELEASE.jar;I:\apps\applications\apache-maven-3.5.3\apache-maven-3.5.3\org\javassist\javassist\3.18.0-GA\javassist-3.18.0-GA.jar;I:\apps\applications\apache-maven-3.5.3\apache-maven-3.5.3\cglib\cglib-nodep\3.2.5\cglib-nodep-3.2.5.jar;I:\apps\applications\apache-maven-3.5.3\apache-maven-3.5.3\org\aspectj\aspectjrt\1.9.0\aspectjrt-1.9.0.jar;I:\apps\applications\apache-maven-3.5.3\apache-maven-3.5.3\org\aspectj\aspectjweaver\1.9.0\aspectjweaver-1.9.0.jar;I:\apps\applications\apache-maven-3.5.3\apache-maven-3.5.3\aopalliance\aopalliance\1.0\aopalliance-1.0.jar;I:\apps\applications\apache-maven-3.5.3\apache-maven-3.5.3\org\slf4j\slf4j-log4j12\1.7.25\slf4j-log4j12-1.7.25.jar;I:\apps\applications\apache-maven-3.5.3\apache-maven-3.5.3\org\slf4j\slf4j-api\1.7.25\slf4j-api-1.7.25.jar;I:\apps\applications\apache-maven-3.5.3\apache-maven-3.5.3\log4j\log4j\1.2.17\log4j-1.2.17.jar;I:\apps\applications\apache-maven-3.5.3\apache-maven-3.5.3\junit\junit\4.11\junit-4.11.jar;I:\apps\applications\apache-maven-3.5.3\apache-maven-3.5.3\org\hamcrest\hamcrest-core\1.3\hamcrest-core-1.3.jar;I:\apps\applications\apache-maven-3.5.3\apache-maven-3.5.3\com\google\guava\guava\23.0\guava-23.0.jar;I:\apps\applications\apache-maven-3.5.3\apache-maven-3.5.3\com\google\code\findbugs\jsr305\1.3.9\jsr305-1.3.9.jar;I:\apps\applications\apache-maven-3.5.3\apache-maven-3.5.3\com\google\errorprone\error_prone_annotations\2.0.18\error_prone_annotations-2.0.18.jar;I:\apps\applications\apache-maven-3.5.3\apache-maven-3.5.3\com\google\j2objc\j2objc-annotations\1.1\j2objc-annotations-1.1.jar;I:\apps\applications\apache-maven-3.5.3\apache-maven-3.5.3\org\codehaus\mojo\animal-sniffer-annotations\1.14\animal-sniffer-annotations-1.14.jar;I:\apps\applications\apache-maven-3.5.3\apache-maven-3.5.3\redis\clients\jedis\2.9.0\jedis-2.9.0.jar;I:\apps\applications\apache-maven-3.5.3\apache-maven-3.5.3\org\apache\commons\commons-pool2\2.4.2\commons-pool2-2.4.2.jar;I:\apps\applications\apache-maven-3.5.3\apache-maven-3.5.3\com\alibaba\fastjson\1.2.33\fastjson-1.2.33.jar;I:\apps\applications\apache-maven-3.5.3\apache-maven-3.5.3\javax\servlet\javax.servlet-api\3.0.1\javax.servlet-api-3.0.1.jar;I:\apps\applications\apache-maven-3.5.3\apache-maven-3.5.3\javax\ws\rs\javax.ws.rs-api\2.0.1\javax.ws.rs-api-2.0.1.jar;I:\apps\applications\apache-maven-3.5.3\apache-maven-3.5.3\com\alibaba\dubbo\2.6.4\dubbo-2.6.4.jar;I:\apps\applications\apache-maven-3.5.3\apache-maven-3.5.3\org\jboss\netty\netty\3.2.5.Final\netty-3.2.5.Final.jar;I:\apps\applications\apache-maven-3.5.3\apache-maven-3.5.3\com\alibaba\druid\1.0.12\druid-1.0.12.jar;C:\Program Files\Java\jdk1.8.0_161\jre\..\lib\jconsole.jar;C:\Program Files\Java\jdk1.8.0_161\jre\..\lib\tools.jar;I:\apps\applications\apache-maven-3.5.3\apache-maven-3.5.3\com\jolbox\bonecp\0.8.0.RELEASE\bonecp-0.8.0.RELEASE.jar;I:\apps\applications\apache-maven-3.5.3\apache-maven-3.5.3\org\apache\curator\curator-framework\2.12.0\curator-framework-2.12.0.jar;I:\apps\applications\apache-maven-3.5.3\apache-maven-3.5.3\org\apache\curator\curator-client\2.12.0\curator-client-2.12.0.jar;I:\apps\applications\apache-maven-3.5.3\apache-maven-3.5.3\com\101tec\zkclient\0.10\zkclient-0.10.jar;I:\apps\applications\apache-maven-3.5.3\apache-maven-3.5.3\org\apache\zookeeper\zookeeper\3.4.8\zookeeper-3.4.8.jar;I:\apps\applications\apache-maven-3.5.3\apache-maven-3.5.3\jline\jline\0.9.94\jline-0.9.94.jar;I:\apps\applications\apache-maven-3.5.3\apache-maven-3.5.3\io\netty\netty\3.7.0.Final\netty-3.7.0.Final.jar;I:\apps\applications\apache-maven-3.5.3\apache-maven-3.5.3\org\mybatis\mybatis\3.4.5\mybatis-3.4.5.jar;I:\apps\applications\apache-maven-3.5.3\apache-maven-3.5.3\org\mybatis\mybatis-spring\1.2.2\mybatis-spring-1.2.2.jar;I:\apps\applications\apache-maven-3.5.3\apache-maven-3.5.3\com\github\miemiedev\mybatis-paginator\1.2.15\mybatis-paginator-1.2.15.jar;I:\apps\applications\apache-maven-3.5.3\apache-maven-3.5.3\com\github\pagehelper\pagehelper\3.4.2\pagehelper-3.4.2.jar;I:\apps\applications\apache-maven-3.5.3\apache-maven-3.5.3\mysql\mysql-connector-java\5.1.32\mysql-connector-java-5.1.32.jar;I:\apps\applications\apache-maven-3.5.3\apache-maven-3.5.3\jstl\jstl\1.2\jstl-1.2.jar;I:\apps\applications\apache-maven-3.5.3\apache-maven-3.5.3\javax\servlet\servlet-api\2.5\servlet-api-2.5.jar;I:\apps\applications\apache-maven-3.5.3\apache-maven-3.5.3\javax\servlet\jsp-api\2.0\jsp-api-2.0.jar;I:\apps\applications\apache-maven-3.5.3\apache-maven-3.5.3\org\apache\httpcomponents\httpcore\4.4.10\httpcore-4.4.10.jar;I:\apps\applications\apache-maven-3.5.3\apache-maven-3.5.3\org\apache\httpcomponents\httpclient\4.5.6\httpclient-4.5.6.jar;I:\apps\applications\apache-maven-3.5.3\apache-maven-3.5.3\commons-logging\commons-logging\1.2\commons-logging-1.2.jar;I:\apps\applications\apache-maven-3.5.3\apache-maven-3.5.3\commons-codec\commons-codec\1.10\commons-codec-1.10.jar;I:\apps\applications\apache-maven-3.5.3\apache-maven-3.5.3\javax\mail\mail\1.4.7\mail-1.4.7.jar;I:\apps\applications\apache-maven-3.5.3\apache-maven-3.5.3\javax\activation\activation\1.1\activation-1.1.jar;I:\apps\applications\apache-maven-3.5.3\apache-maven-3.5.3\velocity\velocity\1.5\velocity-1.5.jar;I:\apps\applications\apache-maven-3.5.3\apache-maven-3.5.3\commons-lang\commons-lang\2.1\commons-lang-2.1.jar;I:\apps\applications\apache-maven-3.5.3\apache-maven-3.5.3\oro\oro\2.0.8\oro-2.0.8.jar;I:\apps\applications\apache-maven-3.5.3\apache-maven-3.5.3\org\apache\velocity\velocity-tools\2.0\velocity-tools-2.0.jar;I:\apps\applications\apache-maven-3.5.3\apache-maven-3.5.3\commons-beanutils\commons-beanutils\1.7.0\commons-beanutils-1.7.0.jar;I:\apps\applications\apache-maven-3.5.3\apache-maven-3.5.3\commons-digester\commons-digester\1.8\commons-digester-1.8.jar;I:\apps\applications\apache-maven-3.5.3\apache-maven-3.5.3\commons-chain\commons-chain\1.1\commons-chain-1.1.jar;I:\apps\applications\apache-maven-3.5.3\apache-maven-3.5.3\commons-validator\commons-validator\1.3.1\commons-validator-1.3.1.jar;I:\apps\applications\apache-maven-3.5.3\apache-maven-3.5.3\dom4j\dom4j\1.1\dom4j-1.1.jar;I:\apps\applications\apache-maven-3.5.3\apache-maven-3.5.3\sslext\sslext\1.2-0\sslext-1.2-0.jar;I:\apps\applications\apache-maven-3.5.3\apache-maven-3.5.3\org\apache\struts\struts-core\1.3.8\struts-core-1.3.8.jar;I:\apps\applications\apache-maven-3.5.3\apache-maven-3.5.3\antlr\antlr\2.7.2\antlr-2.7.2.jar;I:\apps\applications\apache-maven-3.5.3\apache-maven-3.5.3\org\apache\struts\struts-taglib\1.3.8\struts-taglib-1.3.8.jar;I:\apps\applications\apache-maven-3.5.3\apache-maven-3.5.3\org\apache\struts\struts-tiles\1.3.8\struts-tiles-1.3.8.jar;I:\apps\applications\apache-maven-3.5.3\apache-maven-3.5.3\org\apache\velocity\velocity\1.6.2\velocity-1.6.2.jar;I:\apps\applications\apache-maven-3.5.3\apache-maven-3.5.3\commons-io\commons-io\2.4\commons-io-2.4.jar;"/>
    <property name="sun.cpu.endian" value="little"/>
    <property name="user.home" value="C:\Users\MA"/>
    <property name="user.language" value="zh"/>
    <property name="java.specification.vendor" value="Oracle Corporation"/>
    <property name="java.home" value="C:\Program Files\Java\jdk1.8.0_161\jre"/>
    <property name="basedir" value="I:\IdeaProjects\everythinggrwows\eg-base"/>
    <property name="file.separator" value="\"/>
    <property name="line.separator" value="&#10;"/>
    <property name="java.vm.specification.vendor" value="Oracle Corporation"/>
    <property name="java.specification.name" value="Java Platform API Specification"/>
    <property name="java.awt.graphicsenv" value="sun.awt.Win32GraphicsEnvironment"/>
    <property name="surefire.real.class.path" value="C:\Users\MA\AppData\Local\Temp\surefire6220940510144374991\surefirebooter4757523165938022296.jar"/>
    <property name="sun.boot.class.path" value="C:\Program Files\Java\jdk1.8.0_161\jre\lib\resources.jar;C:\Program Files\Java\jdk1.8.0_161\jre\lib\rt.jar;C:\Program Files\Java\jdk1.8.0_161\jre\lib\sunrsasign.jar;C:\Program Files\Java\jdk1.8.0_161\jre\lib\jsse.jar;C:\Program Files\Java\jdk1.8.0_161\jre\lib\jce.jar;C:\Program Files\Java\jdk1.8.0_161\jre\lib\charsets.jar;C:\Program Files\Java\jdk1.8.0_161\jre\lib\jfr.jar;C:\Program Files\Java\jdk1.8.0_161\jre\classes"/>
    <property name="user.script" value=""/>
    <property name="sun.management.compiler" value="HotSpot 64-Bit Tiered Compilers"/>
    <property name="java.runtime.version" value="1.8.0_161-b12"/>
    <property name="user.name" value="MA"/>
    <property name="path.separator" value=";"/>
    <property name="os.version" value="10.0"/>
    <property name="java.endorsed.dirs" value="C:\Program Files\Java\jdk1.8.0_161\jre\lib\endorsed"/>
    <property name="java.runtime.name" value="Java(TM) SE Runtime Environment"/>
    <property name="file.encoding" value="GBK"/>
    <property name="java.vm.name" value="Java HotSpot(TM) 64-Bit Server VM"/>
    <property name="localRepository" value="I:\apps\applications\apache-maven-3.5.3\apache-maven-3.5.3"/>
    <property name="java.vendor.url.bug" value="http://bugreport.sun.com/bugreport/"/>
    <property name="java.io.tmpdir" value="C:\Users\MA\AppData\Local\Temp\"/>
    <property name="idea.version" value="2018.1.2"/>
    <property name="java.version" value="1.8.0_161"/>
    <property name="user.dir" value="I:\IdeaProjects\everythinggrwows\eg-base"/>
    <property name="os.arch" value="amd64"/>
    <property name="java.vm.specification.name" value="Java Virtual Machine Specification"/>
    <property name="java.awt.printerjob" value="sun.awt.windows.WPrinterJob"/>
    <property name="sun.os.patch.level" value=""/>
    <property name="java.library.path" value="C:\Program Files\Java\jdk1.8.0_161\jre\bin;C:\WINDOWS\Sun\Java\bin;C:\WINDOWS\system32;C:\WINDOWS;C:\ProgramData\Oracle\Java\javapath;C:\WINDOWS\system32;C:\WINDOWS;C:\WINDOWS\System32\Wbem;C:\WINDOWS\System32\WindowsPowerShell\v1.0\;C:\Program Files\Git\cmd;C:\WINDOWS\System32\OpenSSH\;I:\redis\;I:\zookepper\zookeeper-3.3.6\bin;I:\zookepper\zookeeper-3.3.6\conf;C:\Users\MA\AppData\Local\Microsoft\WindowsApps;;."/>
    <property name="java.vm.info" value="mixed mode"/>
    <property name="java.vendor" value="Oracle Corporation"/>
    <property name="java.vm.version" value="25.161-b12"/>
    <property name="java.ext.dirs" value="C:\Program Files\Java\jdk1.8.0_161\jre\lib\ext;C:\WINDOWS\Sun\Java\lib\ext"/>
    <property name="sun.io.unicode.encoding" value="UnicodeLittle"/>
    <property name="maven.repo.local" value="I:\apps\applications\apache-maven-3.5.3\apache-maven-3.5.3"/>
    <property name="java.class.version" value="52.0"/>
  </properties>
  <testcase name="shouldAnswerWithTrue" classname="cn.everythinggrows.AppTest" time="0.003"/>
</testsuite>